
Showing logs for build [32mdanielma911-sunday-daniel-maste-1[0m stage [32mmeta-pipeline[0m and container [32mstep-credential-initializer-9ffq9[0m
{"level":"warn","ts":1567327163.3859198,"logger":"fallback-logger","caller":"logging/config.go:69","msg":"Fetch GitHub commit ID from kodata failed: \"ref: refs/heads/master\" is not a valid GitHub commit ID"}
{"level":"info","ts":1567327163.386392,"logger":"fallback-logger","caller":"creds-init/main.go:40","msg":"Credentials initialized."}

Showing logs for build [32mdanielma911-sunday-daniel-maste-1[0m stage [32mmeta-pipeline[0m and container [32mstep-working-dir-initializer-x6jv8[0m
{"level":"warn","ts":1567327164.3259313,"logger":"fallback-logger","caller":"logging/config.go:69","msg":"Fetch GitHub commit ID from kodata failed: open /var/run/ko/HEAD: no such file or directory"}
{"level":"info","ts":1567327164.3275068,"logger":"fallback-logger","caller":"bash/main.go:65","msg":"Successfully executed command \"mkdir -p /workspace/source\""}

Showing logs for build [32mdanielma911-sunday-daniel-maste-1[0m stage [32mmeta-pipeline[0m and container [32mstep-place-tools[0m

Showing logs for build [32mdanielma911-sunday-daniel-maste-1[0m stage [32mmeta-pipeline[0m and container [32mstep-git-source-meta-danielma911-sunday-daniel-crskb[0m
{"level":"warn","ts":1567327170.3607407,"logger":"fallback-logger","caller":"logging/config.go:69","msg":"Fetch GitHub commit ID from kodata failed: \"ref: refs/heads/master\" is not a valid GitHub commit ID"}
{"level":"info","ts":1567327170.9927447,"logger":"fallback-logger","caller":"git/git.go:102","msg":"Successfully cloned https://github.com/***********/sunday-daniel.git @ 3d4a85f521865ce5c5d58772aa2d228fe5f7046a in path /workspace/source"}

Showing logs for build [32mdanielma911-sunday-daniel-maste-1[0m stage [32mmeta-pipeline[0m and container [32mstep-git-merge[0m
Using SHAs from PULL_REFS=master:3d4a85f521865ce5c5d58772aa2d228fe5f7046a
WARNING: no SHAs to merge, falling back to initial cloned commit

Showing logs for build [32mdanielma911-sunday-daniel-maste-1[0m stage [32mmeta-pipeline[0m and container [32mstep-merge-pull-refs[0m
SKIP merge-pull-refs: Nothing to merge

Showing logs for build [32mdanielma911-sunday-daniel-maste-1[0m stage [32mmeta-pipeline[0m and container [32mstep-create-effective-pipeline[0m
Deleting and cloning the Jenkins X versions repo
Cloning the Jenkins X versions repo https://github.com/jenkins-x/jenkins-x-versions.git with ref refs/heads/master to /builder/home/.**/jenkins-x-versions
Effective pipeline written to jenkins-x-effective.yml

Showing logs for build [32mdanielma911-sunday-daniel-maste-1[0m stage [32mmeta-pipeline[0m and container [32mstep-create-tekton-crds[0m
running command: echo \$(**-release-version) > VERSION

running command: ** step tag --version \$(cat VERSION)
Updating chart version in charts/sunday-daniel/Chart.yaml to 0.0.1
Updating repository in charts/sunday-daniel/values.yaml to foenebula.azurecr.io/***********/sunday-daniel
Updating tag in charts/sunday-daniel/values.yaml to 0.0.1
Tag v0.0.1 created and pushed to remote origin

WARNING: failed to find secret kaniko-secret in namespace **: secrets "kaniko-secret" not found
PipelineActivity for ***********-sunday-daniel-master-1
Applying changes 
upserted PipelineResource ***********-sunday-daniel-maste for the git repository https://github.com/***********/sunday-daniel.git
upserted Task ***********-sunday-daniel-maste-from-build-pack-1
upserted Pipeline ***********-sunday-daniel-maste-1
created PipelineRun ***********-sunday-daniel-maste-1
created PipelineStructure ***********-sunday-daniel-maste-1

Showing logs for build [32mdanielma911-sunday-daniel-maste-1[0m stage [32mfrom-build-pack[0m and container [32mstep-credential-initializer-dd8kq[0m
{"level":"warn","ts":1567327185.7498417,"logger":"fallback-logger","caller":"logging/config.go:69","msg":"Fetch GitHub commit ID from kodata failed: \"ref: refs/heads/master\" is not a valid GitHub commit ID"}
{"level":"info","ts":1567327185.7502513,"logger":"fallback-logger","caller":"creds-init/main.go:40","msg":"Credentials initialized."}

Showing logs for build [32mdanielma911-sunday-daniel-maste-1[0m stage [32mfrom-build-pack[0m and container [32mstep-working-dir-initializer-9jqwk[0m
{"level":"warn","ts":1567327186.632533,"logger":"fallback-logger","caller":"logging/config.go:69","msg":"Fetch GitHub commit ID from kodata failed: open /var/run/ko/HEAD: no such file or directory"}
{"level":"info","ts":1567327186.6340723,"logger":"fallback-logger","caller":"bash/main.go:65","msg":"Successfully executed command \"mkdir -p /workspace/source /workspace/source/charts/sunday-daniel\""}

Showing logs for build [32mdanielma911-sunday-daniel-maste-1[0m stage [32mfrom-build-pack[0m and container [32mstep-place-tools[0m

Showing logs for build [32mdanielma911-sunday-daniel-maste-1[0m stage [32mfrom-build-pack[0m and container [32mstep-git-source-danielma911-sunday-daniel-maste-2txfg[0m
{"level":"warn","ts":1567327198.678188,"logger":"fallback-logger","caller":"logging/config.go:69","msg":"Fetch GitHub commit ID from kodata failed: \"ref: refs/heads/master\" is not a valid GitHub commit ID"}
{"level":"info","ts":1567327199.236896,"logger":"fallback-logger","caller":"git/git.go:102","msg":"Successfully cloned https://github.com/***********/sunday-daniel.git @ v0.0.1 in path /workspace/source"}

Showing logs for build [32mdanielma911-sunday-daniel-maste-1[0m stage [32mfrom-build-pack[0m and container [32mstep-git-merge[0m
Using SHAs from PULL_REFS=master:3d4a85f521865ce5c5d58772aa2d228fe5f7046a
WARNING: no SHAs to merge, falling back to initial cloned commit

Showing logs for build [32mdanielma911-sunday-daniel-maste-1[0m stage [32mfrom-build-pack[0m and container [32mstep-setup-jx-git-credentials[0m
Generated Git credentials file /workspace/xdg_config/git/credentials

Showing logs for build [32mdanielma911-sunday-daniel-maste-1[0m stage [32mfrom-build-pack[0m and container [32mstep-build-make-build[0m
CGO_ENABLED=0 GO15VENDOREXPERIMENT=1 go build -ldflags '' -o bin/sunday-daniel main.go

Showing logs for build [32mdanielma911-sunday-daniel-maste-1[0m stage [32mfrom-build-pack[0m and container [32mstep-build-container-build[0m
[36mINFO[0m[0000] No base image, nothing to extract            
[36mINFO[0m[0000] cmd: EXPOSE                                  
[36mINFO[0m[0000] Adding exposed port: 8080/tcp                
[36mINFO[0m[0000] Using files from context: [/workspace/source/bin] 
[36mINFO[0m[0000] Skipping unpacking as no commands require it. 
[36mINFO[0m[0000] Taking snapshot of full filesystem...        
[36mINFO[0m[0000] EXPOSE 8080                                  
[36mINFO[0m[0000] cmd: EXPOSE                                  
[36mINFO[0m[0000] Adding exposed port: 8080/tcp                
[36mINFO[0m[0000] No files changed in this command, skipping snapshotting. 
[36mINFO[0m[0000] ENTRYPOINT ["/sunday-daniel"]                
[36mINFO[0m[0000] No files changed in this command, skipping snapshotting. 
[36mINFO[0m[0000] Using files from context: [/workspace/source/bin] 
[36mINFO[0m[0000] COPY ./bin/ /                                
[36mINFO[0m[0000] Taking snapshot of files...                  
2019/09/01 08:40:05 pushed blob: sha256:ec0375cb30dcab614631b71f42be5d1d7549b82a18bf69c146f849b095407724
2019/09/01 08:40:06 pushed blob: sha256:ecae4f6a955847abc49ff33d4fe8588c83b6df2f747aaecf01bdfce283494c7a
2019/09/01 08:40:06 foenebula.azurecr.io/***********/sunday-daniel:0.0.1: digest: sha256:2d13e8b117eede02594611b9518a6660f834433a4fdedcf4cca2b15e60612a0b size: 428

Showing logs for build [32mdanielma911-sunday-daniel-maste-1[0m stage [32mfrom-build-pack[0m and container [32mstep-build-post-build[0m
no CVE provider running in the current ** namespace so skip adding image to be analysed

Showing logs for build [32mdanielma911-sunday-daniel-maste-1[0m stage [32mfrom-build-pack[0m and container [32mstep-promote-changelog[0m
Converted /workspace/source/charts/sunday-daniel to an unshallow repository
no previous commit version found so change diff unavailable

Showing logs for build [32mdanielma911-sunday-daniel-maste-1[0m stage [32mfrom-build-pack[0m and container [32mstep-promote-helm-release[0m
WARNING: No $CHART_REPOSITORY defined so using the default value of: http://jenkins-x-chartmuseum:8080
Adding missing Helm repo: storage.googleapis.com https://storage.googleapis.com/chartmuseum.jenkins-x.io
Successfully added Helm repository storage.googleapis.com.
Adding missing Helm repo: jenkins-x-chartmuseum http://jenkins-x-chartmuseum:8080
Successfully added Helm repository jenkins-x-chartmuseum.
WARNING: No $CHART_REPOSITORY defined so using the default value of: http://jenkins-x-chartmuseum:8080
Uploading chart file sunday-daniel-0.0.1.tgz to http://jenkins-x-chartmuseum:8080/api/charts
Received 201 response: {"saved":true}

Showing logs for build [32mdanielma911-sunday-daniel-maste-1[0m stage [32mfrom-build-pack[0m and container [32mstep-promote-jx-promote[0m
WARNING: prow based install so skip waiting for the merge of Pull Requests to go green as currently there is an issue with gettingstatuses from the PR, see https://github.com/jenkins-x/**/issues/2410
Promoting app sunday-daniel version 0.0.1 to namespace **-staging
Created Pull Request: https://github.com/***********/environment-lighterspectrum-staging/pull/1
Added label  to Pull Request https://github.com/***********/environment-lighterspectrum-staging/pull/1
Pull Request https://github.com/***********/environment-lighterspectrum-staging/pull/1 is merged at sha ba777d957cf52ae4ea5020a6a585ecc955d7eeaf
Pull Request merged but we are not waiting for the update pipeline to complete!
WARNING: Could not find the service URL in namespace **-staging for names sunday-daniel, **-sunday-daniel, **-staging-sunday-daniel
