
Showing logs for build [32mdanielma911-sunday-daniel-maste-phjkj-2[0m stage [32mmeta-pipeline[0m and container [32mstep-credential-initializer-r6wxh[0m
{"level":"warn","ts":1567330701.5117779,"logger":"fallback-logger","caller":"logging/config.go:69","msg":"Fetch GitHub commit ID from kodata failed: \"ref: refs/heads/master\" is not a valid GitHub commit ID"}
{"level":"info","ts":1567330701.5121808,"logger":"fallback-logger","caller":"creds-init/main.go:40","msg":"Credentials initialized."}

Showing logs for build [32mdanielma911-sunday-daniel-maste-phjkj-2[0m stage [32mmeta-pipeline[0m and container [32mstep-working-dir-initializer-tv5b2[0m
{"level":"warn","ts":1567330702.3885283,"logger":"fallback-logger","caller":"logging/config.go:69","msg":"Fetch GitHub commit ID from kodata failed: open /var/run/ko/HEAD: no such file or directory"}
{"level":"info","ts":1567330702.3899555,"logger":"fallback-logger","caller":"bash/main.go:65","msg":"Successfully executed command \"mkdir -p /workspace/source\""}

Showing logs for build [32mdanielma911-sunday-daniel-maste-phjkj-2[0m stage [32mmeta-pipeline[0m and container [32mstep-place-tools[0m

Showing logs for build [32mdanielma911-sunday-daniel-maste-phjkj-2[0m stage [32mmeta-pipeline[0m and container [32mstep-git-source-meta-danielma911-sunday-daniel-qsbvq[0m
{"level":"warn","ts":1567330708.4555085,"logger":"fallback-logger","caller":"logging/config.go:69","msg":"Fetch GitHub commit ID from kodata failed: \"ref: refs/heads/master\" is not a valid GitHub commit ID"}
{"level":"info","ts":1567330709.0490825,"logger":"fallback-logger","caller":"git/git.go:102","msg":"Successfully cloned https://github.com/***********/sunday-daniel.git @ 3d4a85f521865ce5c5d58772aa2d228fe5f7046a in path /workspace/source"}

Showing logs for build [32mdanielma911-sunday-daniel-maste-phjkj-2[0m stage [32mmeta-pipeline[0m and container [32mstep-git-merge[0m
Using SHAs from PULL_REFS=master:3d4a85f521865ce5c5d58772aa2d228fe5f7046a
WARNING: no SHAs to merge, falling back to initial cloned commit

Showing logs for build [32mdanielma911-sunday-daniel-maste-phjkj-2[0m stage [32mmeta-pipeline[0m and container [32mstep-merge-pull-refs[0m
SKIP merge-pull-refs: Nothing to merge

Showing logs for build [32mdanielma911-sunday-daniel-maste-phjkj-2[0m stage [32mmeta-pipeline[0m and container [32mstep-create-effective-pipeline[0m
Deleting and cloning the Jenkins X versions repo
Cloning the Jenkins X versions repo https://github.com/jenkins-x/jenkins-x-versions.git with ref refs/heads/master to /builder/home/.**/jenkins-x-versions
Effective pipeline written to jenkins-x-effective.yml

Showing logs for build [32mdanielma911-sunday-daniel-maste-phjkj-2[0m stage [32mmeta-pipeline[0m and container [32mstep-create-tekton-crds[0m
running command: echo \$(**-release-version) > VERSION

running command: ** step tag --version \$(cat VERSION)
Updating chart version in charts/sunday-daniel/Chart.yaml to 0.0.2
Updating repository in charts/sunday-daniel/values.yaml to foenebula.azurecr.io/***********/sunday-daniel
Updating tag in charts/sunday-daniel/values.yaml to 0.0.2
Tag v0.0.2 created and pushed to remote origin

WARNING: failed to find secret kaniko-secret in namespace **: secrets "kaniko-secret" not found
PipelineActivity for ***********-sunday-daniel-master-2
Applying changes 
upserted PipelineResource ***********-sunday-daniel-maste for the git repository https://github.com/***********/sunday-daniel.git
upserted Task ***********-sunday-daniel-maste-phjkj-from-build-pack-2
upserted Pipeline ***********-sunday-daniel-maste-phjkj-2
created PipelineRun ***********-sunday-daniel-maste-phjkj-2
created PipelineStructure ***********-sunday-daniel-maste-phjkj-2

Showing logs for build [32mdanielma911-sunday-daniel-maste-phjkj-2[0m stage [32mfrom-build-pack[0m and container [32mstep-credential-initializer-5v8sb[0m
{"level":"warn","ts":1567330722.6683772,"logger":"fallback-logger","caller":"logging/config.go:69","msg":"Fetch GitHub commit ID from kodata failed: \"ref: refs/heads/master\" is not a valid GitHub commit ID"}
{"level":"info","ts":1567330722.6687543,"logger":"fallback-logger","caller":"creds-init/main.go:40","msg":"Credentials initialized."}

Showing logs for build [32mdanielma911-sunday-daniel-maste-phjkj-2[0m stage [32mfrom-build-pack[0m and container [32mstep-working-dir-initializer-d66hj[0m
{"level":"warn","ts":1567330723.7957659,"logger":"fallback-logger","caller":"logging/config.go:69","msg":"Fetch GitHub commit ID from kodata failed: open /var/run/ko/HEAD: no such file or directory"}
{"level":"info","ts":1567330723.7969625,"logger":"fallback-logger","caller":"bash/main.go:65","msg":"Successfully executed command \"mkdir -p /workspace/source /workspace/source/charts/sunday-daniel\""}

Showing logs for build [32mdanielma911-sunday-daniel-maste-phjkj-2[0m stage [32mfrom-build-pack[0m and container [32mstep-place-tools[0m

Showing logs for build [32mdanielma911-sunday-daniel-maste-phjkj-2[0m stage [32mfrom-build-pack[0m and container [32mstep-git-source-danielma911-sunday-daniel-maste-8gmt8[0m
{"level":"warn","ts":1567330731.8203166,"logger":"fallback-logger","caller":"logging/config.go:69","msg":"Fetch GitHub commit ID from kodata failed: \"ref: refs/heads/master\" is not a valid GitHub commit ID"}
{"level":"info","ts":1567330732.390622,"logger":"fallback-logger","caller":"git/git.go:102","msg":"Successfully cloned https://github.com/***********/sunday-daniel.git @ v0.0.2 in path /workspace/source"}

Showing logs for build [32mdanielma911-sunday-daniel-maste-phjkj-2[0m stage [32mfrom-build-pack[0m and container [32mstep-git-merge[0m
Using SHAs from PULL_REFS=master:3d4a85f521865ce5c5d58772aa2d228fe5f7046a
WARNING: no SHAs to merge, falling back to initial cloned commit

Showing logs for build [32mdanielma911-sunday-daniel-maste-phjkj-2[0m stage [32mfrom-build-pack[0m and container [32mstep-setup-jx-git-credentials[0m
Generated Git credentials file /workspace/xdg_config/git/credentials

Showing logs for build [32mdanielma911-sunday-daniel-maste-phjkj-2[0m stage [32mfrom-build-pack[0m and container [32mstep-build-make-build[0m
CGO_ENABLED=0 GO15VENDOREXPERIMENT=1 go build -ldflags '' -o bin/sunday-daniel main.go

Showing logs for build [32mdanielma911-sunday-daniel-maste-phjkj-2[0m stage [32mfrom-build-pack[0m and container [32mstep-build-container-build[0m
[36mINFO[0m[0000] No base image, nothing to extract            
[36mINFO[0m[0000] cmd: EXPOSE                                  
[36mINFO[0m[0000] Adding exposed port: 8080/tcp                
[36mINFO[0m[0000] Using files from context: [/workspace/source/bin] 
[36mINFO[0m[0000] Skipping unpacking as no commands require it. 
[36mINFO[0m[0000] Taking snapshot of full filesystem...        
[36mINFO[0m[0000] EXPOSE 8080                                  
[36mINFO[0m[0000] cmd: EXPOSE                                  
[36mINFO[0m[0000] Adding exposed port: 8080/tcp                
[36mINFO[0m[0000] No files changed in this command, skipping snapshotting. 
[36mINFO[0m[0000] ENTRYPOINT ["/sunday-daniel"]                
[36mINFO[0m[0000] No files changed in this command, skipping snapshotting. 
[36mINFO[0m[0000] Using files from context: [/workspace/source/bin] 
[36mINFO[0m[0000] COPY ./bin/ /                                
[36mINFO[0m[0000] Taking snapshot of files...                  
2019/09/01 09:38:58 pushed blob: sha256:0f80dffbcb6905a8c6b792d9e1e4073b2d4de6768fb35ab7946a8f090dc5156c
2019/09/01 09:38:59 pushed blob: sha256:f920bce94f4d87a24344b840f63ec6ff3406e6d3c58a019fe0c18968717cd57e
2019/09/01 09:38:59 foenebula.azurecr.io/***********/sunday-daniel:0.0.2: digest: sha256:583afd82fcb8e2b98b238b4881118019e7dfe4fea3a45800ecc005a3ed9aaef5 size: 428

Showing logs for build [32mdanielma911-sunday-daniel-maste-phjkj-2[0m stage [32mfrom-build-pack[0m and container [32mstep-build-post-build[0m
no CVE provider running in the current ** namespace so skip adding image to be analysed

Showing logs for build [32mdanielma911-sunday-daniel-maste-phjkj-2[0m stage [32mfrom-build-pack[0m and container [32mstep-promote-changelog[0m
Converted /workspace/source/charts/sunday-daniel to an unshallow repository
Generating change log from git ref e0c3f718222d6d0cf7ee81bb22a24c61db4ab975 => d7162418efb25d159c39faa6b42d6dc1cebebc21
WARNING: No release found for ***********/sunday-daniel and tag v0.0.2 so creating a new release
Updated the release information at https://github.com/***********/sunday-daniel/releases/tag/v0.0.2
generated: /workspace/source/charts/sunday-daniel/templates/release.yaml
Created Release sunday-daniel-0-0-2 resource in namespace **
Updating PipelineActivity ***********-sunday-daniel-master-2 with version 0.0.2
Updated PipelineActivities ***********-sunday-daniel-master-2 with release notes URL: https://github.com/***********/sunday-daniel/releases/tag/v0.0.2

Showing logs for build [32mdanielma911-sunday-daniel-maste-phjkj-2[0m stage [32mfrom-build-pack[0m and container [32mstep-promote-helm-release[0m
WARNING: No $CHART_REPOSITORY defined so using the default value of: http://jenkins-x-chartmuseum:8080
Adding missing Helm repo: storage.googleapis.com https://storage.googleapis.com/chartmuseum.jenkins-x.io
Successfully added Helm repository storage.googleapis.com.
Adding missing Helm repo: jenkins-x-chartmuseum http://jenkins-x-chartmuseum:8080
Successfully added Helm repository jenkins-x-chartmuseum.
WARNING: No $CHART_REPOSITORY defined so using the default value of: http://jenkins-x-chartmuseum:8080
Uploading chart file sunday-daniel-0.0.2.tgz to http://jenkins-x-chartmuseum:8080/api/charts
Received 201 response: {"saved":true}

Showing logs for build [32mdanielma911-sunday-daniel-maste-phjkj-2[0m stage [32mfrom-build-pack[0m and container [32mstep-promote-jx-promote[0m
WARNING: prow based install so skip waiting for the merge of Pull Requests to go green as currently there is an issue with gettingstatuses from the PR, see https://github.com/jenkins-x/**/issues/2410
Promoting app sunday-daniel version 0.0.2 to namespace **-staging
Created Pull Request: https://github.com/***********/environment-lighterspectrum-staging/pull/2
Added label  to Pull Request https://github.com/***********/environment-lighterspectrum-staging/pull/2
Pull Request https://github.com/***********/environment-lighterspectrum-staging/pull/2 is merged at sha 82f0c2f6fb618e31201f33b892f201b094eee1f2
Pull Request merged but we are not waiting for the update pipeline to complete!
