
Showing logs for build [32mdanielma911-sunday-daniel-maste-njtmn-3[0m stage [32mmeta-pipeline[0m and container [32mstep-credential-initializer-zh8bw[0m
{"level":"warn","ts":1567332616.8685668,"logger":"fallback-logger","caller":"logging/config.go:69","msg":"Fetch GitHub commit ID from kodata failed: \"ref: refs/heads/master\" is not a valid GitHub commit ID"}
{"level":"info","ts":1567332616.8689945,"logger":"fallback-logger","caller":"creds-init/main.go:40","msg":"Credentials initialized."}

Showing logs for build [32mdanielma911-sunday-daniel-maste-njtmn-3[0m stage [32mmeta-pipeline[0m and container [32mstep-working-dir-initializer-7zwbl[0m
{"level":"warn","ts":1567332617.8773298,"logger":"fallback-logger","caller":"logging/config.go:69","msg":"Fetch GitHub commit ID from kodata failed: open /var/run/ko/HEAD: no such file or directory"}
{"level":"info","ts":1567332617.8790019,"logger":"fallback-logger","caller":"bash/main.go:65","msg":"Successfully executed command \"mkdir -p /workspace/source\""}

Showing logs for build [32mdanielma911-sunday-daniel-maste-njtmn-3[0m stage [32mmeta-pipeline[0m and container [32mstep-place-tools[0m

Showing logs for build [32mdanielma911-sunday-daniel-maste-njtmn-3[0m stage [32mmeta-pipeline[0m and container [32mstep-git-source-meta-danielma911-sunday-daniel-kpcbn[0m
{"level":"warn","ts":1567332623.9462678,"logger":"fallback-logger","caller":"logging/config.go:69","msg":"Fetch GitHub commit ID from kodata failed: \"ref: refs/heads/master\" is not a valid GitHub commit ID"}
{"level":"info","ts":1567332624.5328803,"logger":"fallback-logger","caller":"git/git.go:102","msg":"Successfully cloned https://github.com/***********/sunday-daniel.git @ dc02efd22022bcdb8c3c724d6ca736f577af5ea3 in path /workspace/source"}

Showing logs for build [32mdanielma911-sunday-daniel-maste-njtmn-3[0m stage [32mmeta-pipeline[0m and container [32mstep-git-merge[0m
Using SHAs from PULL_REFS=master:dc02efd22022bcdb8c3c724d6ca736f577af5ea3
WARNING: no SHAs to merge, falling back to initial cloned commit

Showing logs for build [32mdanielma911-sunday-daniel-maste-njtmn-3[0m stage [32mmeta-pipeline[0m and container [32mstep-merge-pull-refs[0m
SKIP merge-pull-refs: Nothing to merge

Showing logs for build [32mdanielma911-sunday-daniel-maste-njtmn-3[0m stage [32mmeta-pipeline[0m and container [32mstep-create-effective-pipeline[0m
Deleting and cloning the Jenkins X versions repo
Cloning the Jenkins X versions repo https://github.com/jenkins-x/jenkins-x-versions.git with ref refs/heads/master to /builder/home/.**/jenkins-x-versions
Effective pipeline written to jenkins-x-release-effective.yml

Showing logs for build [32mdanielma911-sunday-daniel-maste-njtmn-3[0m stage [32mmeta-pipeline[0m and container [32mstep-create-tekton-crds[0m
running command: echo \$(**-release-version) > VERSION

running command: ** step tag --version \$(cat VERSION)
Updating chart version in charts/sunday-daniel/Chart.yaml to 0.0.3
Updating repository in charts/sunday-daniel/values.yaml to foenebula.azurecr.io/***********/sunday-daniel
Updating tag in charts/sunday-daniel/values.yaml to 0.0.3
Tag v0.0.3 created and pushed to remote origin

WARNING: failed to find secret kaniko-secret in namespace **: secrets "kaniko-secret" not found
PipelineActivity for ***********-sunday-daniel-master-3
Applying changes 
upserted PipelineResource ***********-sunday-daniel-maste for the git repository https://github.com/***********/sunday-daniel.git
upserted Task ***********-sunday-daniel-maste-njtmn-from-build-pack-3
upserted Pipeline ***********-sunday-daniel-maste-njtmn-3
created PipelineRun ***********-sunday-daniel-maste-njtmn-3
created PipelineStructure ***********-sunday-daniel-maste-njtmn-3

Showing logs for build [32mdanielma911-sunday-daniel-maste-njtmn-3[0m stage [32mfrom-build-pack[0m and container [32mstep-credential-initializer-tpn5x[0m
{"level":"warn","ts":1567332638.3973417,"logger":"fallback-logger","caller":"logging/config.go:69","msg":"Fetch GitHub commit ID from kodata failed: \"ref: refs/heads/master\" is not a valid GitHub commit ID"}
{"level":"info","ts":1567332638.3979104,"logger":"fallback-logger","caller":"creds-init/main.go:40","msg":"Credentials initialized."}

Showing logs for build [32mdanielma911-sunday-daniel-maste-njtmn-3[0m stage [32mfrom-build-pack[0m and container [32mstep-working-dir-initializer-2qtn7[0m
{"level":"warn","ts":1567332639.322098,"logger":"fallback-logger","caller":"logging/config.go:69","msg":"Fetch GitHub commit ID from kodata failed: open /var/run/ko/HEAD: no such file or directory"}
{"level":"info","ts":1567332639.3235462,"logger":"fallback-logger","caller":"bash/main.go:65","msg":"Successfully executed command \"mkdir -p /workspace/source /workspace/source/charts/sunday-daniel\""}

Showing logs for build [32mdanielma911-sunday-daniel-maste-njtmn-3[0m stage [32mfrom-build-pack[0m and container [32mstep-place-tools[0m

Showing logs for build [32mdanielma911-sunday-daniel-maste-njtmn-3[0m stage [32mfrom-build-pack[0m and container [32mstep-git-source-danielma911-sunday-daniel-maste-jhcr6[0m
{"level":"warn","ts":1567332646.3217409,"logger":"fallback-logger","caller":"logging/config.go:69","msg":"Fetch GitHub commit ID from kodata failed: \"ref: refs/heads/master\" is not a valid GitHub commit ID"}
{"level":"info","ts":1567332646.9934766,"logger":"fallback-logger","caller":"git/git.go:102","msg":"Successfully cloned https://github.com/***********/sunday-daniel.git @ v0.0.3 in path /workspace/source"}

Showing logs for build [32mdanielma911-sunday-daniel-maste-njtmn-3[0m stage [32mfrom-build-pack[0m and container [32mstep-git-merge[0m
Using SHAs from PULL_REFS=master:dc02efd22022bcdb8c3c724d6ca736f577af5ea3
WARNING: no SHAs to merge, falling back to initial cloned commit

Showing logs for build [32mdanielma911-sunday-daniel-maste-njtmn-3[0m stage [32mfrom-build-pack[0m and container [32mstep-setup-jx-git-credentials[0m
Generated Git credentials file /workspace/xdg_config/git/credentials

Showing logs for build [32mdanielma911-sunday-daniel-maste-njtmn-3[0m stage [32mfrom-build-pack[0m and container [32mstep-build-make-build[0m
CGO_ENABLED=0 GO15VENDOREXPERIMENT=1 go build -ldflags '' -o bin/sunday-daniel main.go

Showing logs for build [32mdanielma911-sunday-daniel-maste-njtmn-3[0m stage [32mfrom-build-pack[0m and container [32mstep-build-container-build[0m
[36mINFO[0m[0000] No base image, nothing to extract            
[36mINFO[0m[0000] cmd: EXPOSE                                  
[36mINFO[0m[0000] Adding exposed port: 8080/tcp                
[36mINFO[0m[0000] Using files from context: [/workspace/source/bin] 
[36mINFO[0m[0000] Skipping unpacking as no commands require it. 
[36mINFO[0m[0000] Taking snapshot of full filesystem...        
[36mINFO[0m[0000] EXPOSE 8080                                  
[36mINFO[0m[0000] cmd: EXPOSE                                  
[36mINFO[0m[0000] Adding exposed port: 8080/tcp                
[36mINFO[0m[0000] No files changed in this command, skipping snapshotting. 
[36mINFO[0m[0000] ENTRYPOINT ["/sunday-daniel"]                
[36mINFO[0m[0000] No files changed in this command, skipping snapshotting. 
[36mINFO[0m[0000] Using files from context: [/workspace/source/bin] 
[36mINFO[0m[0000] COPY ./bin/ /                                
[36mINFO[0m[0000] Taking snapshot of files...                  
2019/09/01 10:10:53 pushed blob: sha256:7c69bfe1835b4bdb785b0f5fc3ae0483a2a7a0192833f0bf53561e3465e7e6bd
2019/09/01 10:10:53 pushed blob: sha256:2a84b7b1684e7b0408c6c3e415fbd63bc9f247a8cb7164fcce0de1624cdcb02b
2019/09/01 10:10:54 foenebula.azurecr.io/***********/sunday-daniel:0.0.3: digest: sha256:3b09faa2fed69b5bbd39a3898a123705c4ffcfffdd8d3ada415211067736184c size: 428

Showing logs for build [32mdanielma911-sunday-daniel-maste-njtmn-3[0m stage [32mfrom-build-pack[0m and container [32mstep-build-post-build[0m
no CVE provider running in the current ** namespace so skip adding image to be analysed

Showing logs for build [32mdanielma911-sunday-daniel-maste-njtmn-3[0m stage [32mfrom-build-pack[0m and container [32mstep-promote-changelog[0m
Converted /workspace/source/charts/sunday-daniel to an unshallow repository
Generating change log from git ref d7162418efb25d159c39faa6b42d6dc1cebebc21 => 6e95dfb74bd84ef8577940931218dc418a948f6b
Associating user x-0 in users.jenkins.io with email dma@paloaltonetworks.com to git GitProvider user with login -0 as emails match
Adding label jenkins.io/git-github-userid=-0 to user x-0 in users.jenkins.io
WARNING: Failed to enrich commit dc02efd22022bcdb8c3c724d6ca736f577af5ea3 with issues: User.jenkins.io "x-0" is invalid: metadata.labels: Invalid value: "-0": a valid label must be an empty string or consist of alphanumeric characters, '-', '_' or '.', and must start and end with an alphanumeric character (e.g. 'MyValue',  or 'my_value',  or '12345', regex used for validation is '(([A-Za-z0-9][-A-Za-z0-9_.]*)?[A-Za-z0-9])?')
Finding issues in commit messages using git format
WARNING: No release found for ***********/sunday-daniel and tag v0.0.3 so creating a new release
Updated the release information at https://github.com/***********/sunday-daniel/releases/tag/v0.0.3
generated: /workspace/source/charts/sunday-daniel/templates/release.yaml
Created Release sunday-daniel-0-0-3 resource in namespace **
Updating PipelineActivity ***********-sunday-daniel-master-3 with version 0.0.3
Updated PipelineActivities ***********-sunday-daniel-master-3 with release notes URL: https://github.com/***********/sunday-daniel/releases/tag/v0.0.3

Showing logs for build [32mdanielma911-sunday-daniel-maste-njtmn-3[0m stage [32mfrom-build-pack[0m and container [32mstep-promote-helm-release[0m
WARNING: No $CHART_REPOSITORY defined so using the default value of: http://jenkins-x-chartmuseum:8080
Adding missing Helm repo: storage.googleapis.com https://storage.googleapis.com/chartmuseum.jenkins-x.io
Successfully added Helm repository storage.googleapis.com.
Adding missing Helm repo: jenkins-x-chartmuseum http://jenkins-x-chartmuseum:8080
Successfully added Helm repository jenkins-x-chartmuseum.
WARNING: No $CHART_REPOSITORY defined so using the default value of: http://jenkins-x-chartmuseum:8080
Uploading chart file sunday-daniel-0.0.3.tgz to http://jenkins-x-chartmuseum:8080/api/charts
Received 201 response: {"saved":true}

Showing logs for build [32mdanielma911-sunday-daniel-maste-njtmn-3[0m stage [32mfrom-build-pack[0m and container [32mstep-promote-jx-promote[0m
WARNING: prow based install so skip waiting for the merge of Pull Requests to go green as currently there is an issue with gettingstatuses from the PR, see https://github.com/jenkins-x/**/issues/2410
Promoting app sunday-daniel version 0.0.3 to namespace **-staging
Created Pull Request: https://github.com/***********/environment-lighterspectrum-staging/pull/3
Added label  to Pull Request https://github.com/***********/environment-lighterspectrum-staging/pull/3
Pull Request https://github.com/***********/environment-lighterspectrum-staging/pull/3 is merged at sha bd75399c8103301ed1ea5220e4b198e48e8d0ede
Pull Request merged but we are not waiting for the update pipeline to complete!
